[2014-12-23 10:39:36,887][INFO ][node                     ] [Infamnia] {0.20.6}[4937]: initializing ...
[2014-12-23 10:39:36,904][INFO ][plugins                  ] [Infamnia] loaded [], sites []
[2014-12-23 10:39:41,046][INFO ][node                     ] [Infamnia] {0.20.6}[4937]: initialized
[2014-12-23 10:39:41,047][INFO ][node                     ] [Infamnia] {0.20.6}[4937]: starting ...
[2014-12-23 10:39:41,252][INFO ][transport                ] [Infamnia] bound_address {inet[/0:0:0:0:0:0:0:0:9300]}, publish_address {inet[/192.168.1.7:9300]}
[2014-12-23 10:39:44,354][INFO ][cluster.service          ] [Infamnia] new_master [Infamnia][-uDRS3JoRxK_Hzd4qsAfEw][inet[/192.168.1.7:9300]], reason: zen-disco-join (elected_as_master)
[2014-12-23 10:39:44,383][INFO ][discovery                ] [Infamnia] elasticsearch/-uDRS3JoRxK_Hzd4qsAfEw
[2014-12-23 10:39:44,411][INFO ][http                     ] [Infamnia] bound_address {inet[/0:0:0:0:0:0:0:0:9200]}, publish_address {inet[/192.168.1.7:9200]}
[2014-12-23 10:39:44,411][INFO ][node                     ] [Infamnia] {0.20.6}[4937]: started
[2014-12-23 10:39:45,409][INFO ][gateway                  ] [Infamnia] recovered [2] indices into cluster_state
[2014-12-23 15:21:05,670][WARN ][discovery.zen.ping.multicast] [Infamnia] failed to read requesting data from /192.168.1.9:54328
java.io.IOException: Expected handle header, got [13]
	at org.elasticsearch.common.io.stream.HandlesStreamInput.readUTF(HandlesStreamInput.java:64)
	at org.elasticsearch.cluster.ClusterName.readFrom(ClusterName.java:64)
	at org.elasticsearch.cluster.ClusterName.readClusterName(ClusterName.java:58)
	at org.elasticsearch.discovery.zen.ping.multicast.MulticastZenPing$Receiver.run(MulticastZenPing.java:401)
	at java.lang.Thread.run(Thread.java:745)
[2014-12-23 15:21:07,170][WARN ][discovery.zen.ping.multicast] [Infamnia] failed to read requesting data from /192.168.1.9:54328
java.io.IOException: Expected handle header, got [13]
	at org.elasticsearch.common.io.stream.HandlesStreamInput.readUTF(HandlesStreamInput.java:64)
	at org.elasticsearch.cluster.ClusterName.readFrom(ClusterName.java:64)
	at org.elasticsearch.cluster.ClusterName.readClusterName(ClusterName.java:58)
	at org.elasticsearch.discovery.zen.ping.multicast.MulticastZenPing$Receiver.run(MulticastZenPing.java:401)
	at java.lang.Thread.run(Thread.java:745)
[2014-12-23 15:21:08,673][WARN ][discovery.zen.ping.multicast] [Infamnia] failed to read requesting data from /192.168.1.9:54328
java.io.IOException: Expected handle header, got [13]
	at org.elasticsearch.common.io.stream.HandlesStreamInput.readUTF(HandlesStreamInput.java:64)
	at org.elasticsearch.cluster.ClusterName.readFrom(ClusterName.java:64)
	at org.elasticsearch.cluster.ClusterName.readClusterName(ClusterName.java:58)
	at org.elasticsearch.discovery.zen.ping.multicast.MulticastZenPing$Receiver.run(MulticastZenPing.java:401)
	at java.lang.Thread.run(Thread.java:745)
[2014-12-23 19:32:49,813][INFO ][node                     ] [Infamnia] {0.20.6}[4937]: stopping ...
[2014-12-23 19:32:50,000][INFO ][node                     ] [Infamnia] {0.20.6}[4937]: stopped
[2014-12-23 19:32:50,001][INFO ][node                     ] [Infamnia] {0.20.6}[4937]: closing ...
[2014-12-23 19:32:50,028][INFO ][node                     ] [Infamnia] {0.20.6}[4937]: closed
